<?xml version="1.0" encoding="UTF-8"?>
<!-- Generated by org.testng.reporters.JUnitXMLReporter -->
<testsuite ignored="0" hostname="DESKTOP-O25JN91" failures="0" tests="11" name="Default test" time="13.006" errors="0" timestamp="2023-11-07T18:08:54 IST">
  <testcase classname="tests.BuyProductsTestNG" name="tc01_login" time="2.017"/>
  <testcase classname="tests.BuyProductsTestNG" name="tc02_productsList" time="0.156"/>
  <testcase classname="tests.BuyProductsTestNG" name="tc03_Chooseproduct" time="0.714"/>
  <testcase classname="tests.BuyProductsTestNG" name="tc04_Chooseproduct" time="0.618"/>
  <testcase classname="tests.BuyProductsTestNG" name="tc05_Chooseproduct" time="0.695"/>
  <testcase classname="tests.BuyProductsTestNG" name="tc06_MovetoCartPage" time="0.349"/>
  <testcase classname="tests.BuyProductsTestNG" name="tc07_DeleteProduct" time="0.223"/>
  <testcase classname="tests.BuyProductsTestNG" name="tc08_ChackOut" time="0.327"/>
  <testcase classname="tests.BuyProductsTestNG" name="tc09_ChackOutForm" time="0.808"/>
  <testcase classname="tests.BuyProductsTestNG" name="tc10_OverView" time="0.502"/>
  <testcase classname="tests.BuyProductsTestNG" name="tc11_FinishPage" time="0.049"/>
</testsuite> <!-- Default test -->
