<?xml version="1.0" encoding="UTF-8"?>
<!-- Generated by org.testng.reporters.JUnitXMLReporter -->
<testsuite ignored="0" hostname="DESKTOP-O25JN91" failures="0" tests="15" name="Test" time="14.993" errors="0" timestamp="2023-10-25T13:00:50 IDT">
  <testcase classname="tests.LoginTestNg" name="tc01_loginFailed" time="0.245"/>
  <testcase classname="tests.LoginTestNg" name="tc02_loginFailed2" time="0.339"/>
  <testcase classname="tests.LoginTestNg" name="tc03_loginFailed3" time="0.605"/>
  <testcase classname="tests.LoginTestNg" name="tc04_loginpass" time="0.658"/>
  <testcase classname="tests.BuyProductsTestNG" name="tc01_login" time="2.459"/>
  <testcase classname="tests.BuyProductsTestNG" name="tc02_productsList" time="0.203"/>
  <testcase classname="tests.BuyProductsTestNG" name="tc03_Chooseproduct" time="0.745"/>
  <testcase classname="tests.BuyProductsTestNG" name="tc04_Chooseproduct" time="0.68"/>
  <testcase classname="tests.BuyProductsTestNG" name="tc05_Chooseproduct" time="0.655"/>
  <testcase classname="tests.BuyProductsTestNG" name="tc06_MovetoCartPage" time="0.24"/>
  <testcase classname="tests.BuyProductsTestNG" name="tc07_DeleteProduct" time="0.238"/>
  <testcase classname="tests.BuyProductsTestNG" name="tc08_ChackOut" time="0.235"/>
  <testcase classname="tests.BuyProductsTestNG" name="tc09_ChackOutForm" time="0.645"/>
  <testcase classname="tests.BuyProductsTestNG" name="tc10_OverView" time="0.253"/>
  <testcase classname="tests.BuyProductsTestNG" name="tc11_FinishPage" time="0.041"/>
</testsuite> <!-- Test -->
