<?xml version="1.0" encoding="UTF-8"?>
<testng-results ignored="0" total="11" passed="11" failed="0" skipped="0">
  <reporter-output>
  </reporter-output>
  <suite started-at="2023-11-07T18:08:41 IST" name="Default suite" finished-at="2023-11-07T18:08:54 IST" duration-ms="13006">
    <groups>
    </groups>
    <test started-at="2023-11-07T18:08:41 IST" name="Default test" finished-at="2023-11-07T18:08:54 IST" duration-ms="13006">
      <class name="tests.BuyProductsTestNG">
        <test-method is-config="true" signature="setUp()[pri:0, instance:tests.BuyProductsTestNG@3059cbc]" started-at="2023-11-07T18:08:41 IST" name="setUp" finished-at="2023-11-07T18:08:46 IST" duration-ms="5703" status="PASS">
          <reporter-output>
          </reporter-output>
        </test-method> <!-- setUp -->
        <test-method signature="tc01_login()[pri:0, instance:tests.BuyProductsTestNG@3059cbc]" started-at="2023-11-07T18:08:46 IST" name="tc01_login" finished-at="2023-11-07T18:08:49 IST" duration-ms="2017" status="PASS">
          <reporter-output>
          </reporter-output>
        </test-method> <!-- tc01_login -->
        <test-method signature="tc02_productsList()[pri:0, instance:tests.BuyProductsTestNG@3059cbc]" started-at="2023-11-07T18:08:49 IST" name="tc02_productsList" finished-at="2023-11-07T18:08:49 IST" duration-ms="156" status="PASS">
          <reporter-output>
          </reporter-output>
        </test-method> <!-- tc02_productsList -->
        <test-method signature="tc03_Chooseproduct()[pri:0, instance:tests.BuyProductsTestNG@3059cbc]" started-at="2023-11-07T18:08:49 IST" name="tc03_Chooseproduct" finished-at="2023-11-07T18:08:49 IST" duration-ms="714" status="PASS">
          <reporter-output>
          </reporter-output>
        </test-method> <!-- tc03_Chooseproduct -->
        <test-method signature="tc04_Chooseproduct()[pri:0, instance:tests.BuyProductsTestNG@3059cbc]" started-at="2023-11-07T18:08:49 IST" name="tc04_Chooseproduct" finished-at="2023-11-07T18:08:50 IST" duration-ms="618" status="PASS">
          <reporter-output>
          </reporter-output>
        </test-method> <!-- tc04_Chooseproduct -->
        <test-method signature="tc05_Chooseproduct()[pri:0, instance:tests.BuyProductsTestNG@3059cbc]" started-at="2023-11-07T18:08:50 IST" name="tc05_Chooseproduct" finished-at="2023-11-07T18:08:51 IST" duration-ms="695" status="PASS">
          <reporter-output>
          </reporter-output>
        </test-method> <!-- tc05_Chooseproduct -->
        <test-method signature="tc06_MovetoCartPage()[pri:0, instance:tests.BuyProductsTestNG@3059cbc]" started-at="2023-11-07T18:08:51 IST" name="tc06_MovetoCartPage" finished-at="2023-11-07T18:08:51 IST" duration-ms="349" status="PASS">
          <reporter-output>
          </reporter-output>
        </test-method> <!-- tc06_MovetoCartPage -->
        <test-method signature="tc07_DeleteProduct()[pri:0, instance:tests.BuyProductsTestNG@3059cbc]" started-at="2023-11-07T18:08:51 IST" name="tc07_DeleteProduct" finished-at="2023-11-07T18:08:51 IST" duration-ms="223" status="PASS">
          <reporter-output>
          </reporter-output>
        </test-method> <!-- tc07_DeleteProduct -->
        <test-method signature="tc08_ChackOut()[pri:0, instance:tests.BuyProductsTestNG@3059cbc]" started-at="2023-11-07T18:08:51 IST" name="tc08_ChackOut" finished-at="2023-11-07T18:08:52 IST" duration-ms="327" status="PASS">
          <reporter-output>
          </reporter-output>
        </test-method> <!-- tc08_ChackOut -->
        <test-method signature="tc09_ChackOutForm()[pri:0, instance:tests.BuyProductsTestNG@3059cbc]" started-at="2023-11-07T18:08:52 IST" name="tc09_ChackOutForm" finished-at="2023-11-07T18:08:52 IST" duration-ms="808" status="PASS">
          <reporter-output>
          </reporter-output>
        </test-method> <!-- tc09_ChackOutForm -->
        <test-method signature="tc10_OverView()[pri:0, instance:tests.BuyProductsTestNG@3059cbc]" started-at="2023-11-07T18:08:52 IST" name="tc10_OverView" finished-at="2023-11-07T18:08:53 IST" duration-ms="502" status="PASS">
          <reporter-output>
          </reporter-output>
        </test-method> <!-- tc10_OverView -->
        <test-method signature="tc11_FinishPage()[pri:0, instance:tests.BuyProductsTestNG@3059cbc]" started-at="2023-11-07T18:08:53 IST" name="tc11_FinishPage" finished-at="2023-11-07T18:08:53 IST" duration-ms="49" status="PASS">
          <reporter-output>
          </reporter-output>
        </test-method> <!-- tc11_FinishPage -->
        <test-method is-config="true" signature="tearnDown()[pri:0, instance:tests.BuyProductsTestNG@3059cbc]" started-at="2023-11-07T18:08:53 IST" name="tearnDown" finished-at="2023-11-07T18:08:54 IST" duration-ms="750" status="PASS">
          <reporter-output>
          </reporter-output>
        </test-method> <!-- tearnDown -->
      </class> <!-- tests.BuyProductsTestNG -->
    </test> <!-- Default test -->
  </suite> <!-- Default suite -->
</testng-results>
